# JRE version: OpenJDK Runtime Environment Temurin-21.0.10+7 (21.0.10+7) (build 21.0.10+7-LTS)
# Java VM: OpenJDK 64-Bit Server VM Temurin-21.0.10+7 (21.0.10+7-LTS, mixed mode, sharing, tiered, compressed oops, compressed class ptrs, parallel gc, windows-amd64)
GC Precious Log:
 CardTable entry size: 512
 CPUs: 12 total, 12 available
 Memory: 7863M
 Large Page Support: Disabled
 NUMA Support: Disabled
 Compressed Oops: Enabled (32-bit)
 Alignments: Space 512K, Generation 512K, Heap 2M
 Heap Min Capacity: 100M
 Heap Initial Capacity: 100M
 Heap Max Capacity: 2G
 Pre-touch: Disabled
 Parallel Workers: 10
Heap:
 PSYoungGen      total 6656K, used 3500K [0x00000000d5580000, 0x00000000d6100000, 0x0000000100000000)
  eden space 6144K, 48% used [0x00000000d5580000,0x00000000d586f230,0x00000000d5b80000)
  from space 512K, 96% used [0x00000000d6000000,0x00000000d607c010,0x00000000d6080000)
  to   space 512K, 0% used [0x00000000d6080000,0x00000000d6080000,0x00000000d6100000)
 ParOldGen       total 974848K, used 974725K [0x0000000080000000, 0x00000000bb800000, 0x00000000d5580000)
  object space 974848K, 99% used [0x0000000080000000,0x00000000bb7e1478,0x00000000bb800000)
 Metaspace       used 86896K, committed 88640K, reserved 1179648K
  class space    used 8674K, committed 9472K, reserved 1048576K
GC Heap History (20 events):
Event: 1383.459 GC heap before
{Heap before GC invocations=3376 (full 5):
 PSYoungGen      total 7168K, used 6400K [0x00000000d5580000, 0x00000000d5e00000, 0x0000000100000000)
  eden space 6144K, 100% used [0x00000000d5580000,0x00000000d5b80000,0x00000000d5b80000)
  from space 1024K, 25% used [0x00000000d5c80000,0x00000000d5cc0000,0x00000000d5d80000)
  to   space 512K, 0% used [0x00000000d5d80000,0x00000000d5d80000,0x00000000d5e00000)
 ParOldGen       total 967168K, used 966668K [0x0000000080000000, 0x00000000bb080000, 0x00000000d5580000)
  object space 967168K, 99% used [0x0000000080000000,0x00000000bb0030f8,0x00000000bb080000)
 Metaspace       used 86883K, committed 88640K, reserved 1179648K
  class space    used 8674K, committed 9472K, reserved 1048576K
}
Event: 1383.462 GC heap after
{Heap after GC invocations=3376 (full 5):
 PSYoungGen      total 6656K, used 432K [0x00000000d5580000, 0x00000000d5e00000, 0x0000000100000000)
  eden space 6144K, 0% used [0x00000000d5580000,0x00000000d5580000,0x00000000d5b80000)
  from space 512K, 84% used [0x00000000d5d80000,0x00000000d5dec010,0x00000000d5e00000)
  to   space 512K, 0% used [0x00000000d5d00000,0x00000000d5d00000,0x00000000d5d80000)
 ParOldGen       total 967168K, used 966700K [0x0000000080000000, 0x00000000bb080000, 0x00000000d5580000)
  object space 967168K, 99% used [0x0000000080000000,0x00000000bb00b0f8,0x00000000bb080000)
 Metaspace       used 86883K, committed 88640K, reserved 1179648K
  class space    used 8674K, committed 9472K, reserved 1048576K
}
Event: 1383.646 GC heap before
{Heap before GC invocations=3377 (full 5):
 PSYoungGen      total 6656K, used 6576K [0x00000000d5580000, 0x00000000d5e00000, 0x0000000100000000)
  eden space 6144K, 100% used [0x00000000d5580000,0x00000000d5b80000,0x00000000d5b80000)
  from space 512K, 84% used [0x00000000d5d80000,0x00000000d5dec010,0x00000000d5e00000)
  to   space 512K, 0% used [0x00000000d5d00000,0x00000000d5d00000,0x00000000d5d80000)
 ParOldGen       total 967168K, used 966700K [0x0000000080000000, 0x00000000bb080000, 0x00000000d5580000)
  object space 967168K, 99% used [0x0000000080000000,0x00000000bb00b0f8,0x00000000bb080000)
 Metaspace       used 86883K, committed 88640K, reserved 1179648K
  class space    used 8674K, committed 9472K, reserved 1048576K
}
Event: 1383.649 GC heap after
{Heap after GC invocations=3377 (full 5):
 PSYoungGen      total 6656K, used 496K [0x00000000d5580000, 0x00000000d5e00000, 0x0000000100000000)
  eden space 6144K, 0% used [0x00000000d5580000,0x00000000d5580000,0x00000000d5b80000)
  from space 512K, 96% used [0x00000000d5d00000,0x00000000d5d7c010,0x00000000d5d80000)
  to   space 512K, 0% used [0x00000000d5d80000,0x00000000d5d80000,0x00000000d5e00000)
 ParOldGen       total 967168K, used 967106K [0x0000000080000000, 0x00000000bb080000, 0x00000000d5580000)
  object space 967168K, 99% used [0x0000000080000000,0x00000000bb070b48,0x00000000bb080000)
 Metaspace       used 86883K, committed 88640K, reserved 1179648K
  class space    used 8674K, committed 9472K, reserved 1048576K
}
Event: 1384.155 GC heap before
{Heap before GC invocations=3378 (full 5):
 PSYoungGen      total 6656K, used 6640K [0x00000000d5580000, 0x00000000d5e00000, 0x0000000100000000)
  eden space 6144K, 100% used [0x00000000d5580000,0x00000000d5b80000,0x00000000d5b80000)
  from space 512K, 96% used [0x00000000d5d00000,0x00000000d5d7c010,0x00000000d5d80000)
  to   space 512K, 0% used [0x00000000d5d80000,0x00000000d5d80000,0x00000000d5e00000)
 ParOldGen       total 967168K, used 967106K [0x0000000080000000, 0x00000000bb080000, 0x00000000d5580000)
  object space 967168K, 99% used [0x0000000080000000,0x00000000bb070b48,0x00000000bb080000)
 Metaspace       used 86883K, committed 88640K, reserved 1179648K
  class space    used 8674K, committed 9472K, reserved 1048576K
}
Event: 1384.157 GC heap after
{Heap after GC invocations=3378 (full 5):
 PSYoungGen      total 6656K, used 496K [0x00000000d5580000, 0x00000000d5e00000, 0x0000000100000000)
  eden space 6144K, 0% used [0x00000000d5580000,0x00000000d5580000,0x00000000d5b80000)
  from space 512K, 96% used [0x00000000d5d80000,0x00000000d5dfc010,0x00000000d5e00000)
  to   space 1024K, 0% used [0x00000000d5c00000,0x00000000d5c00000,0x00000000d5d00000)
 ParOldGen       total 967680K, used 967218K [0x0000000080000000, 0x00000000bb100000, 0x00000000d5580000)
  object space 967680K, 99% used [0x0000000080000000,0x00000000bb08cb48,0x00000000bb100000)
 Metaspace       used 86883K, committed 88640K, reserved 1179648K
  class space    used 8674K, committed 9472K, reserved 1048576K
}
Event: 1384.769 GC heap before
{Heap before GC invocations=3379 (full 5):
 PSYoungGen      total 6656K, used 6640K [0x00000000d5580000, 0x00000000d5e00000, 0x0000000100000000)
  eden space 6144K, 100% used [0x00000000d5580000,0x00000000d5b80000,0x00000000d5b80000)
  from space 512K, 96% used [0x00000000d5d80000,0x00000000d5dfc010,0x00000000d5e00000)
  to   space 1024K, 0% used [0x00000000d5c00000,0x00000000d5c00000,0x00000000d5d00000)
 ParOldGen       total 967680K, used 967218K [0x0000000080000000, 0x00000000bb100000, 0x00000000d5580000)
  object space 967680K, 99% used [0x0000000080000000,0x00000000bb08cb48,0x00000000bb100000)
 Metaspace       used 86883K, committed 88640K, reserved 1179648K
  class space    used 8674K, committed 9472K, reserved 1048576K
}
Event: 1384.792 GC heap after
{Heap after GC invocations=3379 (full 5):
 PSYoungGen      total 7168K, used 1001K [0x00000000d5580000, 0x00000000d6480000, 0x0000000100000000)
  eden space 6144K, 0% used [0x00000000d5580000,0x00000000d5580000,0x00000000d5b80000)
  from space 1024K, 97% used [0x00000000d5c00000,0x00000000d5cfa790,0x00000000d5d00000)
  to   space 4608K, 0% used [0x00000000d6000000,0x00000000d6000000,0x00000000d6480000)
 ParOldGen       total 970240K, used 969849K [0x0000000080000000, 0x00000000bb380000, 0x00000000d5580000)
  object space 970240K, 99% used [0x0000000080000000,0x00000000bb31e598,0x00000000bb380000)
 Metaspace       used 86883K, committed 88640K, reserved 1179648K
  class space    used 8674K, committed 9472K, reserved 1048576K
}
Event: 1384.819 GC heap before
{Heap before GC invocations=3380 (full 5):
 PSYoungGen      total 7168K, used 7145K [0x00000000d5580000, 0x00000000d6480000, 0x0000000100000000)
  eden space 6144K, 100% used [0x00000000d5580000,0x00000000d5b80000,0x00000000d5b80000)
  from space 1024K, 97% used [0x00000000d5c00000,0x00000000d5cfa790,0x00000000d5d00000)
  to   space 4608K, 0% used [0x00000000d6000000,0x00000000d6000000,0x00000000d6480000)
 ParOldGen       total 970240K, used 969849K [0x0000000080000000, 0x00000000bb380000, 0x00000000d5580000)
  object space 970240K, 99% used [0x0000000080000000,0x00000000bb31e598,0x00000000bb380000)
 Metaspace       used 86883K, committed 88640K, reserved 1179648K
  class space    used 8674K, committed 9472K, reserved 1048576K
}
Event: 1384.821 GC heap after
{Heap after GC invocations=3380 (full 5):
 PSYoungGen      total 7680K, used 1510K [0x00000000d5580000, 0x00000000d6180000, 0x0000000100000000)
  eden space 6144K, 0% used [0x00000000d5580000,0x00000000d5580000,0x00000000d5b80000)
  from space 1536K, 98% used [0x00000000d6000000,0x00000000d6179a20,0x00000000d6180000)
  to   space 2560K, 0% used [0x00000000d5c80000,0x00000000d5c80000,0x00000000d5f00000)
 ParOldGen       total 970240K, used 969929K [0x0000000080000000, 0x00000000bb380000, 0x00000000d5580000)
  object space 970240K, 99% used [0x0000000080000000,0x00000000bb3325a8,0x00000000bb380000)
 Metaspace       used 86883K, committed 88640K, reserved 1179648K
  class space    used 8674K, committed 9472K, reserved 1048576K
}
Event: 1384.839 GC heap before
{Heap before GC invocations=3381 (full 5):
 PSYoungGen      total 7680K, used 7654K [0x00000000d5580000, 0x00000000d6180000, 0x0000000100000000)
  eden space 6144K, 100% used [0x00000000d5580000,0x00000000d5b80000,0x00000000d5b80000)
  from space 1536K, 98% used [0x00000000d6000000,0x00000000d6179a20,0x00000000d6180000)
  to   space 2560K, 0% used [0x00000000d5c80000,0x00000000d5c80000,0x00000000d5f00000)
 ParOldGen       total 970240K, used 969929K [0x0000000080000000, 0x00000000bb380000, 0x00000000d5580000)
  object space 970240K, 99% used [0x0000000080000000,0x00000000bb3325a8,0x00000000bb380000)
 Metaspace       used 86884K, committed 88640K, reserved 1179648K
  class space    used 8674K, committed 9472K, reserved 1048576K
}
Event: 1384.873 GC heap after
{Heap after GC invocations=3381 (full 5):
 PSYoungGen      total 8704K, used 2528K [0x00000000d5580000, 0x00000000d6680000, 0x0000000100000000)
  eden space 6144K, 0% used [0x00000000d5580000,0x00000000d5580000,0x00000000d5b80000)
  from space 2560K, 98% used [0x00000000d5c80000,0x00000000d5ef8010,0x00000000d5f00000)
  to   space 5632K, 0% used [0x00000000d6100000,0x00000000d6100000,0x00000000d6680000)
 ParOldGen       total 972288K, used 972151K [0x0000000080000000, 0x00000000bb580000, 0x00000000d5580000)
  object space 972288K, 99% used [0x0000000080000000,0x00000000bb55dfc8,0x00000000bb580000)
 Metaspace       used 86884K, committed 88640K, reserved 1179648K
  class space    used 8674K, committed 9472K, reserved 1048576K
}
Event: 1385.357 GC heap before
{Heap before GC invocations=3382 (full 5):
 PSYoungGen      total 8704K, used 8672K [0x00000000d5580000, 0x00000000d6680000, 0x0000000100000000)
  eden space 6144K, 100% used [0x00000000d5580000,0x00000000d5b80000,0x00000000d5b80000)
  from space 2560K, 98% used [0x00000000d5c80000,0x00000000d5ef8010,0x00000000d5f00000)
  to   space 5632K, 0% used [0x00000000d6100000,0x00000000d6100000,0x00000000d6680000)
 ParOldGen       total 972288K, used 972151K [0x0000000080000000, 0x00000000bb580000, 0x00000000d5580000)
  object space 972288K, 99% used [0x0000000080000000,0x00000000bb55dfc8,0x00000000bb580000)
 Metaspace       used 86888K, committed 88640K, reserved 1179648K
  class space    used 8674K, committed 9472K, reserved 1048576K
}
Event: 1385.385 GC heap after
{Heap after GC invocations=3382 (full 5):
 PSYoungGen      total 7168K, used 672K [0x00000000d5580000, 0x00000000d6200000, 0x0000000100000000)
  eden space 6144K, 0% used [0x00000000d5580000,0x00000000d5580000,0x00000000d5b80000)
  from space 1024K, 65% used [0x00000000d6100000,0x00000000d61a8000,0x00000000d6200000)
  to   space 2560K, 0% used [0x00000000d5d00000,0x00000000d5d00000,0x00000000d5f80000)
 ParOldGen       total 974848K, used 974373K [0x0000000080000000, 0x00000000bb800000, 0x00000000d5580000)
  object space 974848K, 99% used [0x0000000080000000,0x00000000bb789458,0x00000000bb800000)
 Metaspace       used 86888K, committed 88640K, reserved 1179648K
  class space    used 8674K, committed 9472K, reserved 1048576K
}
Event: 1386.388 GC heap before
{Heap before GC invocations=3383 (full 5):
 PSYoungGen      total 7168K, used 6816K [0x00000000d5580000, 0x00000000d6200000, 0x0000000100000000)
  eden space 6144K, 100% used [0x00000000d5580000,0x00000000d5b80000,0x00000000d5b80000)
  from space 1024K, 65% used [0x00000000d6100000,0x00000000d61a8000,0x00000000d6200000)
  to   space 2560K, 0% used [0x00000000d5d00000,0x00000000d5d00000,0x00000000d5f80000)
 ParOldGen       total 974848K, used 974373K [0x0000000080000000, 0x00000000bb800000, 0x00000000d5580000)
  object space 974848K, 99% used [0x0000000080000000,0x00000000bb789458,0x00000000bb800000)
 Metaspace       used 86893K, committed 88640K, reserved 1179648K
  class space    used 8674K, committed 9472K, reserved 1048576K
}
Event: 1386.391 GC heap after
{Heap after GC invocations=3383 (full 5):
 PSYoungGen      total 8704K, used 480K [0x00000000d5580000, 0x00000000d6180000, 0x0000000100000000)
  eden space 6144K, 0% used [0x00000000d5580000,0x00000000d5580000,0x00000000d5b80000)
  from space 2560K, 18% used [0x00000000d5d00000,0x00000000d5d78020,0x00000000d5f80000)
  to   space 1024K, 0% used [0x00000000d6080000,0x00000000d6080000,0x00000000d6180000)
 ParOldGen       total 974848K, used 974541K [0x0000000080000000, 0x00000000bb800000, 0x00000000d5580000)
  object space 974848K, 99% used [0x0000000080000000,0x00000000bb7b3458,0x00000000bb800000)
 Metaspace       used 86893K, committed 88640K, reserved 1179648K
  class space    used 8674K, committed 9472K, reserved 1048576K
}
Event: 1388.082 GC heap before
{Heap before GC invocations=3384 (full 5):
 PSYoungGen      total 8704K, used 6624K [0x00000000d5580000, 0x00000000d6180000, 0x0000000100000000)
  eden space 6144K, 100% used [0x00000000d5580000,0x00000000d5b80000,0x00000000d5b80000)
  from space 2560K, 18% used [0x00000000d5d00000,0x00000000d5d78020,0x00000000d5f80000)
  to   space 1024K, 0% used [0x00000000d6080000,0x00000000d6080000,0x00000000d6180000)
 ParOldGen       total 974848K, used 974541K [0x0000000080000000, 0x00000000bb800000, 0x00000000d5580000)
  object space 974848K, 99% used [0x0000000080000000,0x00000000bb7b3458,0x00000000bb800000)
 Metaspace       used 86895K, committed 88640K, reserved 1179648K
  class space    used 8674K, committed 9472K, reserved 1048576K
}
Event: 1388.084 GC heap after
{Heap after GC invocations=3384 (full 5):
 PSYoungGen      total 6656K, used 192K [0x00000000d5580000, 0x00000000d6100000, 0x0000000100000000)
  eden space 6144K, 0% used [0x00000000d5580000,0x00000000d5580000,0x00000000d5b80000)
  from space 512K, 37% used [0x00000000d6080000,0x00000000d60b0000,0x00000000d6100000)
  to   space 512K, 0% used [0x00000000d6000000,0x00000000d6000000,0x00000000d6080000)
 ParOldGen       total 974848K, used 974653K [0x0000000080000000, 0x00000000bb800000, 0x00000000d5580000)
  object space 974848K, 99% used [0x0000000080000000,0x00000000bb7cf478,0x00000000bb800000)
 Metaspace       used 86895K, committed 88640K, reserved 1179648K
  class space    used 8674K, committed 9472K, reserved 1048576K
}
Event: 1388.484 GC heap before
{Heap before GC invocations=3385 (full 5):
 PSYoungGen      total 6656K, used 6336K [0x00000000d5580000, 0x00000000d6100000, 0x0000000100000000)
  eden space 6144K, 100% used [0x00000000d5580000,0x00000000d5b80000,0x00000000d5b80000)
  from space 512K, 37% used [0x00000000d6080000,0x00000000d60b0000,0x00000000d6100000)
  to   space 512K, 0% used [0x00000000d6000000,0x00000000d6000000,0x00000000d6080000)
 ParOldGen       total 974848K, used 974653K [0x0000000080000000, 0x00000000bb800000, 0x00000000d5580000)
  object space 974848K, 99% used [0x0000000080000000,0x00000000bb7cf478,0x00000000bb800000)
 Metaspace       used 86896K, committed 88640K, reserved 1179648K
  class space    used 8674K, committed 9472K, reserved 1048576K
}
Event: 1388.488 GC heap after
{Heap after GC invocations=3385 (full 5):
 PSYoungGen      total 6656K, used 496K [0x00000000d5580000, 0x00000000d6100000, 0x0000000100000000)
  eden space 6144K, 0% used [0x00000000d5580000,0x00000000d5580000,0x00000000d5b80000)
  from space 512K, 96% used [0x00000000d6000000,0x00000000d607c010,0x00000000d6080000)
  to   space 512K, 0% used [0x00000000d6080000,0x00000000d6080000,0x00000000d6100000)
 ParOldGen       total 974848K, used 974725K [0x0000000080000000, 0x00000000bb800000, 0x00000000d5580000)
  object space 974848K, 99% used [0x0000000080000000,0x00000000bb7e1478,0x00000000bb800000)
 Metaspace       used 86896K, committed 88640K, reserved 1179648K
  class space    used 8674K, committed 9472K, reserved 1048576K
}

